# JRE version: Java(TM) SE Runtime Environment (8.0_111-b14) (build 1.8.0_111-b14)
# Java VM: Java HotSpot(TM) 64-Bit Server VM (25.111-b14 mixed mode windows-amd64 compressed oops)
Heap:
 PSYoungGen      total 398336K, used 36092K [0x000000076c380000, 0x0000000789600000, 0x00000007c0000000)
  eden space 379904K, 8% used [0x000000076c380000,0x000000076e38ada8,0x0000000783680000)
  from space 18432K, 17% used [0x0000000783680000,0x00000007839b4458,0x0000000784880000)
  to   space 18432K, 0% used [0x0000000788400000,0x0000000788400000,0x0000000789600000)
 ParOldGen       total 153600K, used 21608K [0x00000006c4a00000, 0x00000006ce000000, 0x000000076c380000)
  object space 153600K, 14% used [0x00000006c4a00000,0x00000006c5f1a270,0x00000006ce000000)
 Metaspace       used 41826K, capacity 42340K, committed 42624K, reserved 1087488K
  class space    used 4735K, capacity 4896K, committed 4992K, reserved 1048576K
GC Heap History (10 events):
Event: 6.881 GC heap before
{Heap before GC invocations=7 (full 2):
 PSYoungGen      total 211456K, used 10729K [0x000000076c380000, 0x000000077f480000, 0x00000007c0000000)
  eden space 200704K, 0% used [0x000000076c380000,0x000000076c380000,0x0000000778780000)
  from space 10752K, 99% used [0x0000000778780000,0x00000007791fa4d0,0x0000000779200000)
  to   space 15360K, 0% used [0x000000077e580000,0x000000077e580000,0x000000077f480000)
 ParOldGen       total 105472K, used 17119K [0x00000006c4a00000, 0x00000006cb100000, 0x000000076c380000)
  object space 105472K, 16% used [0x00000006c4a00000,0x00000006c5ab7c08,0x00000006cb100000)
 Metaspace       used 34859K, capacity 35314K, committed 35456K, reserved 1081344K
  class space    used 4265K, capacity 4412K, committed 4480K, reserved 1048576K
Event: 6.952 GC heap after
Heap after GC invocations=7 (full 2):
 PSYoungGen      total 211456K, used 0K [0x000000076c380000, 0x000000077f480000, 0x00000007c0000000)
  eden space 200704K, 0% used [0x000000076c380000,0x000000076c380000,0x0000000778780000)
  from space 10752K, 0% used [0x0000000778780000,0x0000000778780000,0x0000000779200000)
  to   space 15360K, 0% used [0x000000077e580000,0x000000077e580000,0x000000077f480000)
 ParOldGen       total 153600K, used 21576K [0x00000006c4a00000, 0x00000006ce000000, 0x000000076c380000)
  object space 153600K, 14% used [0x00000006c4a00000,0x00000006c5f12270,0x00000006ce000000)
 Metaspace       used 34859K, capacity 35314K, committed 35456K, reserved 1081344K
  class space    used 4265K, capacity 4412K, committed 4480K, reserved 1048576K
}
Event: 117.733 GC heap before
{Heap before GC invocations=8 (full 2):
 PSYoungGen      total 211456K, used 200704K [0x000000076c380000, 0x000000077f480000, 0x00000007c0000000)
  eden space 200704K, 100% used [0x000000076c380000,0x0000000778780000,0x0000000778780000)
  from space 10752K, 0% used [0x0000000778780000,0x0000000778780000,0x0000000779200000)
  to   space 15360K, 0% used [0x000000077e580000,0x000000077e580000,0x000000077f480000)
 ParOldGen       total 153600K, used 21576K [0x00000006c4a00000, 0x00000006ce000000, 0x000000076c380000)
  object space 153600K, 14% used [0x00000006c4a00000,0x00000006c5f12270,0x00000006ce000000)
 Metaspace       used 40917K, capacity 41400K, committed 41472K, reserved 1085440K
  class space    used 4730K, capacity 4862K, committed 4864K, reserved 1048576K
Event: 117.742 GC heap after
Heap after GC invocations=8 (full 2):
 PSYoungGen      total 295936K, used 6494K [0x000000076c380000, 0x0000000780600000, 0x00000007c0000000)
  eden space 280576K, 0% used [0x000000076c380000,0x000000076c380000,0x000000077d580000)
  from space 15360K, 42% used [0x000000077e580000,0x000000077ebd7b28,0x000000077f480000)
  to   space 16384K, 0% used [0x000000077d580000,0x000000077d580000,0x000000077e580000)
 ParOldGen       total 153600K, used 21584K [0x00000006c4a00000, 0x00000006ce000000, 0x000000076c380000)
  object space 153600K, 14% used [0x00000006c4a00000,0x00000006c5f14270,0x00000006ce000000)
 Metaspace       used 40917K, capacity 41400K, committed 41472K, reserved 1085440K
  class space    used 4730K, capacity 4862K, committed 4864K, reserved 1048576K
}
Event: 299.327 GC heap before
{Heap before GC invocations=9 (full 2):
 PSYoungGen      total 295936K, used 287070K [0x000000076c380000, 0x0000000780600000, 0x00000007c0000000)
  eden space 280576K, 100% used [0x000000076c380000,0x000000077d580000,0x000000077d580000)
  from space 15360K, 42% used [0x000000077e580000,0x000000077ebd7b28,0x000000077f480000)
  to   space 16384K, 0% used [0x000000077d580000,0x000000077d580000,0x000000077e580000)
 ParOldGen       total 153600K, used 21584K [0x00000006c4a00000, 0x00000006ce000000, 0x000000076c380000)
  object space 153600K, 14% used [0x00000006c4a00000,0x00000006c5f14270,0x00000006ce000000)
 Metaspace       used 41248K, capacity 41758K, committed 42112K, reserved 1087488K
  class space    used 4733K, capacity 4895K, committed 4992K, reserved 1048576K
Event: 299.331 GC heap after
Heap after GC invocations=9 (full 2):
 PSYoungGen      total 296960K, used 2982K [0x000000076c380000, 0x0000000786800000, 0x00000007c0000000)
  eden space 280576K, 0% used [0x000000076c380000,0x000000076c380000,0x000000077d580000)
  from space 16384K, 18% used [0x000000077d580000,0x000000077d8699c8,0x000000077e580000)
  to   space 17408K, 0% used [0x0000000785700000,0x0000000785700000,0x0000000786800000)
 ParOldGen       total 153600K, used 21592K [0x00000006c4a00000, 0x00000006ce000000, 0x000000076c380000)
  object space 153600K, 14% used [0x00000006c4a00000,0x00000006c5f16270,0x00000006ce000000)
 Metaspace       used 41248K, capacity 41758K, committed 42112K, reserved 1087488K
  class space    used 4733K, capacity 4895K, committed 4992K, reserved 1048576K
}
Event: 471.441 GC heap before
{Heap before GC invocations=10 (full 2):
 PSYoungGen      total 296960K, used 283558K [0x000000076c380000, 0x0000000786800000, 0x00000007c0000000)
  eden space 280576K, 100% used [0x000000076c380000,0x000000077d580000,0x000000077d580000)
  from space 16384K, 18% used [0x000000077d580000,0x000000077d8699c8,0x000000077e580000)
  to   space 17408K, 0% used [0x0000000785700000,0x0000000785700000,0x0000000786800000)
 ParOldGen       total 153600K, used 21592K [0x00000006c4a00000, 0x00000006ce000000, 0x000000076c380000)
  object space 153600K, 14% used [0x00000006c4a00000,0x00000006c5f16270,0x00000006ce000000)
 Metaspace       used 41544K, capacity 42078K, committed 42368K, reserved 1087488K
  class space    used 4733K, capacity 4895K, committed 4992K, reserved 1048576K
Event: 471.446 GC heap after
Heap after GC invocations=10 (full 2):
 PSYoungGen      total 380416K, used 3117K [0x000000076c380000, 0x0000000785a80000, 0x00000007c0000000)
  eden space 376832K, 0% used [0x000000076c380000,0x000000076c380000,0x0000000783380000)
  from space 3584K, 86% used [0x0000000785700000,0x0000000785a0b658,0x0000000785a80000)
  to   space 18432K, 0% used [0x0000000783680000,0x0000000783680000,0x0000000784880000)
 ParOldGen       total 153600K, used 21600K [0x00000006c4a00000, 0x00000006ce000000, 0x000000076c380000)
  object space 153600K, 14% used [0x00000006c4a00000,0x00000006c5f18270,0x00000006ce000000)
 Metaspace       used 41544K, capacity 42078K, committed 42368K, reserved 1087488K
  class space    used 4733K, capacity 4895K, committed 4992K, reserved 1048576K
}
Event: 705.790 GC heap before
{Heap before GC invocations=11 (full 2):
 PSYoungGen      total 380416K, used 379949K [0x000000076c380000, 0x0000000785a80000, 0x00000007c0000000)
  eden space 376832K, 100% used [0x000000076c380000,0x0000000783380000,0x0000000783380000)
  from space 3584K, 86% used [0x0000000785700000,0x0000000785a0b658,0x0000000785a80000)
  to   space 18432K, 0% used [0x0000000783680000,0x0000000783680000,0x0000000784880000)
 ParOldGen       total 153600K, used 21600K [0x00000006c4a00000, 0x00000006ce000000, 0x000000076c380000)
  object space 153600K, 14% used [0x00000006c4a00000,0x00000006c5f18270,0x00000006ce000000)
 Metaspace       used 41826K, capacity 42340K, committed 42624K, reserved 1087488K
  class space    used 4735K, capacity 4896K, committed 4992K, reserved 1048576K
Event: 705.813 GC heap after
Heap after GC invocations=11 (full 2):
 PSYoungGen      total 398336K, used 3281K [0x000000076c380000, 0x0000000789600000, 0x00000007c0000000)
  eden space 379904K, 0% used [0x000000076c380000,0x000000076c380000,0x0000000783680000)
  from space 18432K, 17% used [0x0000000783680000,0x00000007839b4458,0x0000000784880000)
  to   space 18432K, 0% used [0x0000000788400000,0x0000000788400000,0x0000000789600000)
 ParOldGen       total 153600K, used 21608K [0x00000006c4a00000, 0x00000006ce000000, 0x000000076c380000)
  object space 153600K, 14% used [0x00000006c4a00000,0x00000006c5f1a270,0x00000006ce000000)
 Metaspace       used 41826K, capacity 42340K, committed 42624K, reserved 1087488K
  class space    used 4735K, capacity 4896K, committed 4992K, reserved 1048576K
}

